<?xml version="1.0" encoding="UTF-8"?>
<!-- Generated by org.testng.reporters.JUnitReportReporter -->
<testsuite hostname="NARESHKUMAR-SOUNDARRAJI" failures="0" tests="9" name="TestScripts.AddressTest" time="89.945" errors="0" timestamp="2025-06-09T15:41:12 IST" skipped="0">
  <testcase classname="TestScripts.AddressTest" name="addAddress" time="8.281"/>
  <testcase classname="TestScripts.AddressTest" name="addAddress" time="8.267"/>
  <testcase classname="TestScripts.AddressTest" name="addAddress" time="8.108"/>
  <testcase classname="TestScripts.AddressTest" name="updateAddress" time="6.925"/>
  <testcase classname="TestScripts.AddressTest" name="updateAddress" time="7.130"/>
  <testcase classname="TestScripts.AddressTest" name="updateAddress" time="11.277"/>
  <testcase classname="TestScripts.AddressTest" name="removeAddress" time="16.638"/>
  <testcase classname="TestScripts.AddressTest" name="removeAddress" time="4.344"/>
  <testcase classname="TestScripts.AddressTest" name="removeAddress" time="18.975"/>
</testsuite> <!-- TestScripts.AddressTest -->
