<?xml version="1.0" encoding="UTF-8"?>
<!-- Generated by org.testng.reporters.JUnitReportReporter -->
<testsuite hostname="NARESHKUMAR-SOUNDARRAJI" failures="0" tests="3" name="TestScripts.AddressTest" time="0.034" errors="0" timestamp="2025-06-02T15:24:27 IST" skipped="0">
  <testcase classname="TestScripts.AddressTest" name="removeAddress" time="0.010"/>
  <testcase classname="TestScripts.AddressTest" name="updateAddress" time="0.014"/>
  <testcase classname="TestScripts.AddressTest" name="addAddress" time="0.010">
    <system-out>
      <![CDATA[Hello]]>
    </system-out>
  </testcase> <!-- addAddress -->
  <system-out>
    <![CDATA[Hello]]>
  </system-out>
</testsuite> <!-- TestScripts.AddressTest -->
