<?xml version="1.0" encoding="UTF-8"?>
<!-- Generated by org.testng.reporters.JUnitReportReporter -->
<testsuite hostname="NARESHKUMAR-SOUNDARRAJI" failures="0" tests="1" name="Properties.FetchData_From_Excel" time="86.488" errors="0" timestamp="2025-06-14T15:33:38 IST" skipped="0">
  <testcase classname="Properties.FetchData_From_Excel" name="registerTest" time="86.488">
    <system-out>
      <![CDATA[The username is already registered]]>
    </system-out>
  </testcase> <!-- registerTest -->
  <system-out>
    <![CDATA[The username is already registered]]>
  </system-out>
</testsuite> <!-- Properties.FetchData_From_Excel -->
