<?xml version="1.0" encoding="UTF-8"?>
<!-- Generated by org.testng.reporters.JUnitReportReporter -->
<testsuite hostname="NARESHKUMAR-SOUNDARRAJI" failures="0" tests="1" name="Properties.learning_POM_class" time="9.124" errors="0" timestamp="2025-06-18T15:31:41 IST" skipped="0">
  <testcase classname="Properties.learning_POM_class" name="learningPOM" time="9.124"/>
</testsuite> <!-- Properties.learning_POM_class -->
