<?xml version="1.0" encoding="UTF-8"?>
<!-- Generated by org.testng.reporters.JUnitReportReporter -->
<testsuite hostname="NARESHKUMAR-SOUNDARRAJI" failures="0" tests="1" name="Properties.LoginToDWS" time="55.320" errors="0" timestamp="2025-06-14T14:51:25 IST" skipped="0">
  <testcase classname="Properties.LoginToDWS" name="LoginTODWS" time="55.320"/>
</testsuite> <!-- Properties.LoginToDWS -->
