<?xml version="1.0" encoding="UTF-8"?>
<!-- Generated by org.testng.reporters.JUnitReportReporter -->
<testsuite hostname="NARESHKUMAR-SOUNDARRAJI" failures="0" tests="2" name="Properties.FetchMultipleData_From_Excel" time="45.244" errors="0" timestamp="2025-06-14T15:36:59 IST" skipped="0">
  <testcase classname="Properties.FetchMultipleData_From_Excel" name="registerTest" time="11.000">
    <system-out>
      <![CDATA[User registered successfully......]]>
    </system-out>
  </testcase> <!-- registerTest -->
  <testcase classname="Properties.FetchMultipleData_From_Excel" name="registerTest" time="34.244">
    <system-out>
      <![CDATA[The username is already registered]]>
    </system-out>
  </testcase> <!-- registerTest -->
  <system-out>
    <![CDATA[The username is already registered
User registered successfully......]]>
  </system-out>
</testsuite> <!-- Properties.FetchMultipleData_From_Excel -->
