<?xml version="1.0" encoding="UTF-8"?>
<!-- Generated by org.testng.reporters.JUnitReportReporter -->
<testsuite hostname="NARESHKUMAR-SOUNDARRAJI" failures="0" tests="3" name="TestScripts.CartTest" time="23.522" errors="0" timestamp="2025-06-04T15:43:52 IST" skipped="0">
  <testcase classname="TestScripts.CartTest" name="addToCart" time="8.456"/>
  <testcase classname="TestScripts.CartTest" name="updateCart" time="6.403"/>
  <testcase classname="TestScripts.CartTest" name="removeFromCart" time="8.663"/>
</testsuite> <!-- TestScripts.CartTest -->
