<?xml version="1.0" encoding="UTF-8"?>
<!-- Generated by org.testng.reporters.JUnitReportReporter -->
<testsuite hostname="NARESHKUMAR-SOUNDARRAJI" failures="0" tests="2" name="Properties.Data_Providers" time="41.340" errors="0" timestamp="2025-06-14T15:07:33 IST" skipped="0">
  <testcase classname="Properties.Data_Providers" name="loginToDWS" time="27.898"/>
  <testcase classname="Properties.Data_Providers" name="loginToDWS" time="13.442"/>
</testsuite> <!-- Properties.Data_Providers -->
