<?xml version="1.0" encoding="UTF-8"?>
<!-- Generated by org.testng.reporters.JUnitReportReporter -->
<testsuite hostname="NARESHKUMAR-SOUNDARRAJI" failures="0" tests="3" name="Configuration_Annotation.Configuration_Annotations" time="0.032" errors="0" timestamp="2025-05-30T15:06:50 IST" skipped="0">
  <testcase classname="Configuration_Annotation.Configuration_Annotations" name="registerTest" time="0.015">
    <system-out>
      <![CDATA[User Registered  Successfully......]]>
    </system-out>
  </testcase> <!-- registerTest -->
  <testcase classname="Configuration_Annotation.Configuration_Annotations" name="LoginTest" time="0.009">
    <system-out>
      <![CDATA[User Logged in Successfully......]]>
    </system-out>
  </testcase> <!-- LoginTest -->
  <testcase classname="Configuration_Annotation.Configuration_Annotations" name="shoppingTest" time="0.008">
    <system-out>
      <![CDATA[User Purchased product added Successfully......]]>
    </system-out>
  </testcase> <!-- shoppingTest -->
  <system-out>
    <![CDATA[Execution Before Suite
Execution Before Test
Execution Before Class
Execution Before Method
User Registered  Successfully......
Execution After Method
Execution Before Method
User Logged in Successfully......
Execution After Method
Execution Before Method
User Purchased product added Successfully......
Execution After Method
Execution After Class
Execution After Test
Execution After Suite]]>
  </system-out>
</testsuite> <!-- Configuration_Annotation.Configuration_Annotations -->
