<?xml version="1.0" encoding="UTF-8"?>
<!-- Generated by org.testng.reporters.JUnitReportReporter -->
<testsuite hostname="NARESHKUMAR-SOUNDARRAJI" failures="0" tests="4" name="TestScripts.WishListTest" time="34.175" errors="0" timestamp="2025-06-04T15:42:25 IST" skipped="0">
  <testcase classname="TestScripts.WishListTest" name="addToWishList" time="13.392"/>
  <testcase classname="TestScripts.WishListTest" name="updateWishList" time="6.631"/>
  <testcase classname="TestScripts.WishListTest" name="addToCartFromWishList" time="6.672"/>
  <testcase classname="TestScripts.WishListTest" name="removeWishList" time="7.480"/>
</testsuite> <!-- TestScripts.WishListTest -->
